<?xml version="1.0" encoding="UTF-8"?>
<!-- Generated by org.testng.reporters.JUnitReportReporter -->
<testsuite skipped="0" hostname="DESKTOP-KJSBVNF" name="com.actitime.login.Demo" tests="1" failures="0" timestamp="01 Jul 2020 03:19:13 GMT" time="0.059" errors="0">
  <testcase name="run" time="0.059" classname="com.actitime.login.Demo"/>
</testsuite> <!-- com.actitime.login.Demo -->
